<?xml version="1.0" encoding="UTF-8"?>
<testsuite xmlns:xsi="http://www.w3.org/2001/XMLSchema-instance" xsi:noNamespaceSchemaLocation="https://maven.apache.org/surefire/maven-surefire-plugin/xsd/surefire-test-report.xsd" name="ru.netology.radioman.RadioTest" time="0.269" tests="10" errors="0" skipped="0" failures="0">
  <properties>
[...]
</properties>
  <testcase name="numberStationNext{String, int, int}[1]" classname="ru.netology.radioman.RadioTest" time="0.093"/>
  <testcase name="numberStationNext{String, int, int}[2]" classname="ru.netology.radioman.RadioTest" time="0"/>
  <testcase name="numberStationNext{String, int, int}[3]" classname="ru.netology.radioman.RadioTest" time="0"/>
  <testcase name="numberStationEnter" classname="ru.netology.radioman.RadioTest" time="0"/>
  <testcase name="volumeStationUp{String, int, int}[1]" classname="ru.netology.radioman.RadioTest" time="0"/>
  <testcase name="volumeStationUp{String, int, int}[2]" classname="ru.netology.radioman.RadioTest" time="0"/>
  <testcase name="volumeStationUp{String, int, int}[3]" classname="ru.netology.radioman.RadioTest" time="0.001"/>
  <testcase name="volumeStationDown{String, int, int}[1]" classname="ru.netology.radioman.RadioTest" time="0.001"/>
  <testcase name="volumeStationDown{String, int, int}[2]" classname="ru.netology.radioman.RadioTest" time="0"/>
  <testcase name="volumeStationDown{String, int, int}[3]" classname="ru.netology.radioman.RadioTest" time="0"/>
</testsuite>